[20-Jan-2023 13:59:31] NOTICE: fpm is running, pid 76092
[20-Jan-2023 13:59:31] NOTICE: ready to handle connections
[20-Jan-2023 16:50:32] NOTICE: Terminating ...
[20-Jan-2023 16:50:32] NOTICE: Terminating ...
[20-Jan-2023 16:50:32] NOTICE: exiting, bye-bye!
[23-Jan-2023 08:55:27] NOTICE: fpm is running, pid 2855
[23-Jan-2023 08:55:27] NOTICE: ready to handle connections
[23-Jan-2023 16:48:34] NOTICE: Terminating ...
[23-Jan-2023 16:48:34] NOTICE: Terminating ...
[23-Jan-2023 16:48:34] NOTICE: exiting, bye-bye!
[24-Jan-2023 08:52:51] NOTICE: fpm is running, pid 20305
[24-Jan-2023 08:52:51] NOTICE: ready to handle connections
[24-Jan-2023 15:57:07] NOTICE: Terminating ...
[24-Jan-2023 15:57:07] NOTICE: Terminating ...
[24-Jan-2023 15:57:07] NOTICE: exiting, bye-bye!
[26-Jan-2023 14:39:34] NOTICE: fpm is running, pid 60650
[26-Jan-2023 14:39:34] NOTICE: ready to handle connections
[26-Jan-2023 15:39:08] NOTICE: Terminating ...
[26-Jan-2023 15:39:08] NOTICE: Terminating ...
[26-Jan-2023 15:39:08] NOTICE: exiting, bye-bye!
[31-Jan-2023 13:36:48] NOTICE: fpm is running, pid 6524
[31-Jan-2023 13:36:48] NOTICE: ready to handle connections
[01-Feb-2023 15:55:44] NOTICE: Terminating ...
[01-Feb-2023 15:55:44] NOTICE: Terminating ...
[01-Feb-2023 15:55:44] NOTICE: exiting, bye-bye!
